<?xml version="1.0" encoding="UTF-8"?>
<testsuite name="ApplicationTests" tests="1" skipped="0" failures="1" errors="0" timestamp="2024-02-26T15:39:30" hostname="WIN-PK97IO7J39D" time="13.093">
  <properties/>
  <testcase name="start" classname="ApplicationTests" time="13.093">
    <failure message="java.lang.AssertionError: Wrong answer in test #37&#10;&#10;Expected status code 200 but received 403" type="java.lang.AssertionError">java.lang.AssertionError: Wrong answer in test #37

Expected status code 200 but received 403
	at org.junit.Assert.fail(Assert.java:89)
	at org.hyperskill.hstest.stage.StageTest.start(StageTest.java:203)
	at java.base/jdk.internal.reflect.NativeMethodAccessorImpl.invoke0(Native Method)
	at java.base/jdk.internal.reflect.NativeMethodAccessorImpl.invoke(NativeMethodAccessorImpl.java:77)
	at java.base/jdk.internal.reflect.DelegatingMethodAccessorImpl.invoke(DelegatingMethodAccessorImpl.java:43)
	at java.base/java.lang.reflect.Method.invoke(Method.java:568)
	at org.junit.runners.model.FrameworkMethod$1.runReflectiveCall(FrameworkMethod.java:59)
	at org.junit.internal.runners.model.ReflectiveCallable.run(ReflectiveCallable.java:12)
	at org.junit.runners.model.FrameworkMethod.invokeExplosively(FrameworkMethod.java:56)
	at org.junit.internal.runners.statements.InvokeMethod.evaluate(InvokeMethod.java:17)
	at org.junit.internal.runners.statements.RunAfters.evaluate(RunAfters.java:27)
	at org.junit.runners.ParentRunner$3.evaluate(ParentRunner.java:306)
	at org.junit.runners.BlockJUnit4ClassRunner$1.evaluate(BlockJUnit4ClassRunner.java:100)
	at org.junit.runners.ParentRunner.runLeaf(ParentRunner.java:366)
	at org.junit.runners.BlockJUnit4ClassRunner.runChild(BlockJUnit4ClassRunner.java:103)
	at org.junit.runners.BlockJUnit4ClassRunner.runChild(BlockJUnit4ClassRunner.java:63)
	at org.junit.runners.ParentRunner$4.run(ParentRunner.java:331)
	at org.junit.runners.ParentRunner$1.schedule(ParentRunner.java:79)
	at org.junit.runners.ParentRunner.runChildren(ParentRunner.java:329)
	at org.junit.runners.ParentRunner.access$100(ParentRunner.java:66)
	at org.junit.runners.ParentRunner$2.evaluate(ParentRunner.java:293)
	at org.junit.runners.ParentRunner$3.evaluate(ParentRunner.java:306)
	at org.junit.runners.ParentRunner.run(ParentRunner.java:413)
	at org.gradle.api.internal.tasks.testing.junit.JUnitTestClassExecutor.runTestClass(JUnitTestClassExecutor.java:108)
	at org.gradle.api.internal.tasks.testing.junit.JUnitTestClassExecutor.execute(JUnitTestClassExecutor.java:57)
	at org.gradle.api.internal.tasks.testing.junit.JUnitTestClassExecutor.execute(JUnitTestClassExecutor.java:39)
	at org.gradle.api.internal.tasks.testing.junit.AbstractJUnitTestClassProcessor.processTestClass(AbstractJUnitTestClassProcessor.java:62)
	at org.gradle.api.internal.tasks.testing.SuiteTestClassProcessor.processTestClass(SuiteTestClassProcessor.java:52)
	at java.base/jdk.internal.reflect.NativeMethodAccessorImpl.invoke0(Native Method)
	at java.base/jdk.internal.reflect.NativeMethodAccessorImpl.invoke(NativeMethodAccessorImpl.java:77)
	at java.base/jdk.internal.reflect.DelegatingMethodAccessorImpl.invoke(DelegatingMethodAccessorImpl.java:43)
	at java.base/java.lang.reflect.Method.invoke(Method.java:568)
	at org.gradle.internal.dispatch.ReflectionDispatch.dispatch(ReflectionDispatch.java:36)
	at org.gradle.internal.dispatch.ReflectionDispatch.dispatch(ReflectionDispatch.java:24)
	at org.gradle.internal.dispatch.ContextClassLoaderDispatch.dispatch(ContextClassLoaderDispatch.java:33)
	at org.gradle.internal.dispatch.ProxyDispatchAdapter$DispatchingInvocationHandler.invoke(ProxyDispatchAdapter.java:94)
	at jdk.proxy1/jdk.proxy1.$Proxy2.processTestClass(Unknown Source)
	at org.gradle.api.internal.tasks.testing.worker.TestWorker$2.run(TestWorker.java:176)
	at org.gradle.api.internal.tasks.testing.worker.TestWorker.executeAndMaintainThreadName(TestWorker.java:129)
	at org.gradle.api.internal.tasks.testing.worker.TestWorker.execute(TestWorker.java:100)
	at org.gradle.api.internal.tasks.testing.worker.TestWorker.execute(TestWorker.java:60)
	at org.gradle.process.internal.worker.child.ActionExecutionWorker.execute(ActionExecutionWorker.java:56)
	at org.gradle.process.internal.worker.child.SystemApplicationClassLoaderWorker.call(SystemApplicationClassLoaderWorker.java:113)
	at org.gradle.process.internal.worker.child.SystemApplicationClassLoaderWorker.call(SystemApplicationClassLoaderWorker.java:65)
	at worker.org.gradle.process.internal.worker.GradleWorkerMain.run(GradleWorkerMain.java:69)
	at worker.org.gradle.process.internal.worker.GradleWorkerMain.main(GradleWorkerMain.java:74)
</failure>
  </testcase>
  <system-out><![CDATA[?[1;31m
Start test 1?[0m
?[0;34m
?[0m?[0;34m  .   ____          _            __ _ _
?[0m?[0;34m /\\ / ___'_ __ _ _(_)_ __  __ _ \ \ \ \
?[0m?[0;34m( ( )\___ | '_ | '_| | '_ \/ _` | \ \ \ \
?[0m?[0;34m \\/  ___)| |_)| | | | | || (_| |  ) ) ) )
?[0m?[0;34m  '  |____| .__|_| |_|_| |_\__, | / / / /
?[0m?[0;34m =========|_|==============|___/=/_/_/_/
?[0m?[0;34m :: Spring Boot ::                (v3.0.2)
?[0m?[0;34m
?[0m?[0;34m2024-02-26T20:39:31.162+05:00  INFO 14292 --- [    Test worker] taskmanagement.Application               : Starting Application using Java 17.0.5 with PID 14292 (started by User in D:\JetBrainsWork\Task Management System\Task Management System\task)
?[0m?[0;34m2024-02-26T20:39:31.167+05:00  INFO 14292 --- [    Test worker] taskmanagement.Application               : No active profile set, falling back to 1 default profile: "default"
?[0m?[0;34m2024-02-26T20:39:33.078+05:00  INFO 14292 --- [    Test worker] .s.d.r.c.RepositoryConfigurationDelegate : Bootstrapping Spring Data JPA repositories in DEFAULT mode.
?[0m?[0;34m2024-02-26T20:39:33.163+05:00  INFO 14292 --- [    Test worker] .s.d.r.c.RepositoryConfigurationDelegate : Finished Spring Data repository scanning in 70 ms. Found 2 JPA repository interfaces.
?[0m?[0;34m2024-02-26T20:39:34.167+05:00  INFO 14292 --- [    Test worker] o.s.b.w.embedded.tomcat.TomcatWebServer  : Tomcat initialized with port(s): 8080 (http)
?[0m?[0;34m2024-02-26T20:39:34.185+05:00  INFO 14292 --- [    Test worker] o.apache.catalina.core.StandardService   : Starting service [Tomcat]
?[0m?[0;34m2024-02-26T20:39:34.186+05:00  INFO 14292 --- [    Test worker] o.apache.catalina.core.StandardEngine    : Starting Servlet engine: [Apache Tomcat/10.1.5]
?[0m?[0;34m2024-02-26T20:39:34.315+05:00  INFO 14292 --- [    Test worker] o.a.c.c.C.[Tomcat].[localhost].[/]       : Initializing Spring embedded WebApplicationContext
?[0m?[0;34m2024-02-26T20:39:34.319+05:00  INFO 14292 --- [    Test worker] w.s.c.ServletWebServerApplicationContext : Root WebApplicationContext: initialization completed in 3075 ms
?[0m?[0;34m2024-02-26T20:39:34.497+05:00  INFO 14292 --- [    Test worker] com.zaxxer.hikari.HikariDataSource       : HikariPool-1 - Starting...
?[0m?[0;34m2024-02-26T20:39:34.864+05:00  INFO 14292 --- [    Test worker] com.zaxxer.hikari.pool.HikariPool        : HikariPool-1 - Added connection conn0: url=jdbc:h2:file:../tms_db user=SA
?[0m?[0;34m2024-02-26T20:39:34.867+05:00  INFO 14292 --- [    Test worker] com.zaxxer.hikari.HikariDataSource       : HikariPool-1 - Start completed.
?[0m?[0;34m2024-02-26T20:39:34.884+05:00  INFO 14292 --- [    Test worker] o.s.b.a.h2.H2ConsoleAutoConfiguration    : H2 console available at '/h2-console'. Database available at 'jdbc:h2:file:../tms_db'
?[0m?[0;34m2024-02-26T20:39:35.180+05:00  INFO 14292 --- [    Test worker] o.hibernate.jpa.internal.util.LogHelper  : HHH000204: Processing PersistenceUnitInfo [name: default]
?[0m?[0;34m2024-02-26T20:39:35.269+05:00  INFO 14292 --- [    Test worker] org.hibernate.Version                    : HHH000412: Hibernate ORM core version 6.1.6.Final
?[0m?[0;34m2024-02-26T20:39:35.581+05:00  WARN 14292 --- [    Test worker] org.hibernate.orm.deprecation            : HHH90000021: Encountered deprecated setting [javax.persistence.sharedCache.mode], use [jakarta.persistence.sharedCache.mode] instead
?[0m?[0;34m2024-02-26T20:39:35.840+05:00  INFO 14292 --- [    Test worker] SQL dialect                              : HHH000400: Using dialect: org.hibernate.dialect.H2Dialect
?[0m?[0;34m2024-02-26T20:39:37.473+05:00  INFO 14292 --- [    Test worker] o.h.e.t.j.p.i.JtaPlatformInitiator       : HHH000490: Using JtaPlatform implementation: [org.hibernate.engine.transaction.jta.platform.internal.NoJtaPlatform]
?[0m?[0;34m2024-02-26T20:39:37.487+05:00  INFO 14292 --- [    Test worker] j.LocalContainerEntityManagerFactoryBean : Initialized JPA EntityManagerFactory for persistence unit 'default'
?[0m?[0;34m2024-02-26T20:39:38.814+05:00  WARN 14292 --- [    Test worker] JpaBaseConfiguration$JpaWebConfiguration : spring.jpa.open-in-view is enabled by default. Therefore, database queries may be performed during view rendering. Explicitly configure spring.jpa.open-in-view to disable this warning
?[0m?[0;34m2024-02-26T20:39:39.518+05:00  INFO 14292 --- [    Test worker] o.s.b.a.e.web.EndpointLinksResolver      : Exposing 14 endpoint(s) beneath base path '/actuator'
?[0m?[0;34m2024-02-26T20:39:39.677+05:00  INFO 14292 --- [    Test worker] o.s.s.web.DefaultSecurityFilterChain     : Will secure any request with [org.springframework.security.web.session.DisableEncodeUrlFilter@6c4a1980, org.springframework.security.web.context.request.async.WebAsyncManagerIntegrationFilter@2125086c, org.springframework.security.web.context.SecurityContextHolderFilter@d96f413, org.springframework.security.web.header.HeaderWriterFilter@17e2ad13, org.springframework.security.web.authentication.logout.LogoutFilter@6ad036d6, org.springframework.security.oauth2.server.resource.web.authentication.BearerTokenAuthenticationFilter@484b187c, org.springframework.security.web.authentication.www.BasicAuthenticationFilter@6b3a1151, org.springframework.security.web.savedrequest.RequestCacheAwareFilter@3423f353, org.springframework.security.web.servletapi.SecurityContextHolderAwareRequestFilter@5c940e28, org.springframework.security.web.authentication.AnonymousAuthenticationFilter@65c634f2, org.springframework.security.web.session.SessionManagementFilter@299e245c, org.springframework.security.web.access.ExceptionTranslationFilter@3bd1c7f0, org.springframework.security.web.access.intercept.AuthorizationFilter@311eb725]
?[0m?[0;34m2024-02-26T20:39:40.127+05:00  INFO 14292 --- [    Test worker] o.s.b.w.embedded.tomcat.TomcatWebServer  : Tomcat started on port(s): 8080 (http) with context path ''
?[0m?[0;34m2024-02-26T20:39:40.148+05:00  INFO 14292 --- [    Test worker] taskmanagement.Application               : Started Application in 9.614 seconds (process running for 10.86)
?[0;34m2024-02-26T20:39:40.757+05:00  INFO 14292 --- [nio-8080-exec-1] o.a.c.c.C.[Tomcat].[localhost].[/]       : Initializing Spring DispatcherServlet 'dispatcherServlet'
?[0m?[0;34m2024-02-26T20:39:40.757+05:00  INFO 14292 --- [nio-8080-exec-1] o.s.web.servlet.DispatcherServlet        : Initializing Servlet 'dispatcherServlet'
?[0m?[0;34m2024-02-26T20:39:40.760+05:00  INFO 14292 --- [nio-8080-exec-1] o.s.web.servlet.DispatcherServlet        : Completed initialization in 2 ms
?[0m?[0;34m
?[0m?[0;34mRequest: POST http://localhost:8080/api/accounts
?[0m?[0;34mRequest body: {"email":"alice@email.com","password":"password"}
?[0m?[0;34m
?[0m?[1;31m
Start test 2?[0m
?[0;34m
?[0m?[0;34mRequest: POST http://localhost:8080/api/accounts
?[0m?[0;34mRequest body: {"email":"alice@email.com","password":"password"}
?[0m?[0;34m
?[0m?[1;31m
Start test 3?[0m
?[0;34m
?[0m?[0;34mRequest: POST http://localhost:8080/api/accounts
?[0m?[0;34mRequest body: {"email":"ALICE@email.com","password":"password"}
?[0m?[0;34m
?[0m?[1;31m
Start test 4?[0m
?[0;34m
?[0m?[0;34mRequest: POST http://localhost:8080/api/accounts
?[0m?[0;34mRequest body: {"email":"bob@example.com","password":"123456"}
?[0m?[0;34m
?[0m?[1;31m
Start test 5?[0m
?[0;34m
?[0m?[0;34mRequest: POST http://localhost:8080/api/accounts
?[0m?[0;34mRequest body: {"email":" ","password":"password"}
?[0m?[0;34m
?[0m?[1;31m
Start test 6?[0m
?[0;34m
?[0m?[0;34mRequest: POST http://localhost:8080/api/accounts
?[0m?[0;34mRequest body: {"password":"password"}
?[0m?[0;34m
?[0m?[1;31m
Start test 7?[0m
?[0;34m
?[0m?[0;34mRequest: POST http://localhost:8080/api/accounts
?[0m?[0;34mRequest body: {"email":"malformed@email.","password":"password"}
?[0m?[0;34m
?[0m?[1;31m
Start test 8?[0m
?[0;34m
?[0m?[0;34mRequest: POST http://localhost:8080/api/accounts
?[0m?[0;34mRequest body: {"email":"test@test.com"}
?[0m?[0;34m
?[0m?[1;31m
Start test 9?[0m
?[0;34m
?[0m?[0;34mRequest: POST http://localhost:8080/api/accounts
?[0m?[0;34mRequest body: {"email":"test@test.com","password":"      "}
?[0m?[0;34m
?[0m?[1;31m
Start test 10?[0m
?[0;34m
?[0m?[0;34mRequest: POST http://localhost:8080/api/accounts
?[0m?[0;34mRequest body: {"email":"test@test.com","password":"12345"}
?[0m?[0;34m
?[0m?[1;31m
Start test 11?[0m
?[0;34m
?[0m?[0;34mRequest: POST http://localhost:8080/api/auth/token
?[0m?[0;34mRequest body: 
?[0m?[0;34m
?[0m?[1;31m
Start test 12?[0m
?[0;34m
?[0m?[0;34mRequest: POST http://localhost:8080/api/auth/token
?[0m?[0;34mRequest body: 
?[0m?[0;34m
?[0m?[1;31m
Start test 13?[0m
?[0;34m
?[0m?[0;34mRequest: POST http://localhost:8080/api/auth/token
?[0m?[0;34mRequest body: 
?[0m?[0;34m
?[0m?[1;31m
Start test 14?[0m
?[0;34m
?[0m?[0;34mRequest: POST http://localhost:8080/api/auth/token
?[0m?[0;34mRequest body: 
?[0m?[0;34m
?[0m?[1;31m
Start test 15?[0m
?[0;34mUsername: alice@email.com
?[0m?[0;34mUser has authorities/roles: [SCOPE_ROLE_USER]
?[0;34m
?[0m?[0;34mRequest: POST http://localhost:8080/api/tasks
?[0m?[0;34mRequest body: {"title":"title 1","description":"description 1"}
?[0m?[0;34m
?[0m?[1;31m
Start test 16?[0m
?[0;34mUsername: alice@email.com
?[0m?[0;34mUser has authorities/roles: [SCOPE_ROLE_USER]
?[0;34m
?[0m?[0;34mRequest: POST http://localhost:8080/api/tasks
?[0m?[0;34mRequest body: {"title":"title 2","description":"description 2"}
?[0m?[0;34m
?[0m?[1;31m
Start test 17?[0m
?[0;34mUsername: bob@example.com
?[0m?[0;34mUser has authorities/roles: [SCOPE_ROLE_USER]
?[0;34m
?[0m?[0;34mRequest: POST http://localhost:8080/api/tasks
?[0m?[0;34mRequest body: {"title":"title 3","description":"description 3"}
?[0m?[0;34m
?[0m?[1;31m
Start test 18?[0m
?[0;34m2024-02-26T20:39:42.628+05:00  WARN 14292 --- [nio-8080-exec-3] .w.s.m.s.DefaultHandlerExceptionResolver : Resolved [org.springframework.web.bind.MethodArgumentNotValidException: Validation failed for argument [0] in public org.springframework.http.ResponseEntity<taskmanagement.tasks.TaskResponseDTO> taskmanagement.tasks.TasksController.postTasks(taskmanagement.tasks.TaskDTO) with 2 errors: [Field error in object 'taskDTO' on field 'title': rejected value [null]; codes [NotNull.taskDTO.title,NotNull.title,NotNull.java.lang.String,NotNull]; arguments [org.springframework.context.support.DefaultMessageSourceResolvable: codes [taskDTO.title,title]; arguments []; default message [title]]; default message [must not be null]] [Field error in object 'taskDTO' on field 'title': rejected value [null]; codes [NotBlank.taskDTO.title,NotBlank.title,NotBlank.java.lang.String,NotBlank]; arguments [org.springframework.context.support.DefaultMessageSourceResolvable: codes [taskDTO.title,title]; arguments []; default message [title]]; default message [must not be blank]] ]
?[0;34m
?[0m?[0;34mRequest: POST http://localhost:8080/api/tasks
?[0m?[0;34mRequest body: {"id":"3","description":"description 3","status":"CREATED","author":"bob@example.com"}
?[0m?[0;34m
?[0m?[1;31m
Start test 19?[0m
?[0;34m2024-02-26T20:39:42.650+05:00  WARN 14292 --- [nio-8080-exec-4] .w.s.m.s.DefaultHandlerExceptionResolver : Resolved [org.springframework.web.bind.MethodArgumentNotValidException: Validation failed for argument [0] in public org.springframework.http.ResponseEntity<taskmanagement.tasks.TaskResponseDTO> taskmanagement.tasks.TasksController.postTasks(taskmanagement.tasks.TaskDTO): [Field error in object 'taskDTO' on field 'title': rejected value [ ]; codes [NotBlank.taskDTO.title,NotBlank.title,NotBlank.java.lang.String,NotBlank]; arguments [org.springframework.context.support.DefaultMessageSourceResolvable: codes [taskDTO.title,title]; arguments []; default message [title]]; default message [must not be blank]] ]
?[0;34m
?[0m?[0;34mRequest: POST http://localhost:8080/api/tasks
?[0m?[0;34mRequest body: {"id":"1","title":" ","description":"description 1","status":"CREATED","author":"alice@email.com"}
?[0m?[0;34m
?[0m?[1;31m
Start test 20?[0m
?[0;34m2024-02-26T20:39:42.668+05:00  WARN 14292 --- [nio-8080-exec-5] .w.s.m.s.DefaultHandlerExceptionResolver : Resolved [org.springframework.web.bind.MethodArgumentNotValidException: Validation failed for argument [0] in public org.springframework.http.ResponseEntity<taskmanagement.tasks.TaskResponseDTO> taskmanagement.tasks.TasksController.postTasks(taskmanagement.tasks.TaskDTO) with 2 errors: [Field error in object 'taskDTO' on field 'description': rejected value [null]; codes [NotBlank.taskDTO.description,NotBlank.description,NotBlank.java.lang.String,NotBlank]; arguments [org.springframework.context.support.DefaultMessageSourceResolvable: codes [taskDTO.description,description]; arguments []; default message [description]]; default message [must not be blank]] [Field error in object 'taskDTO' on field 'description': rejected value [null]; codes [NotNull.taskDTO.description,NotNull.description,NotNull.java.lang.String,NotNull]; arguments [org.springframework.context.support.DefaultMessageSourceResolvable: codes [taskDTO.description,description]; arguments []; default message [description]]; default message [must not be null]] ]
?[0;34m
?[0m?[0;34mRequest: POST http://localhost:8080/api/tasks
?[0m?[0;34mRequest body: {"id":"1","title":"title 1","status":"CREATED","author":"alice@email.com"}
?[0m?[0;34m
?[0m?[1;31m
Start test 21?[0m
?[0m?[0;34m2024-02-26T20:39:42.688+05:00  WARN 14292 --- [nio-8080-exec-1] .w.s.m.s.DefaultHandlerExceptionResolver : Resolved [org.springframework.web.bind.MethodArgumentNotValidException: Validation failed for argument [0] in public org.springframework.http.ResponseEntity<taskmanagement.tasks.TaskResponseDTO> taskmanagement.tasks.TasksController.postTasks(taskmanagement.tasks.TaskDTO): [Field error in object 'taskDTO' on field 'description': rejected value [ ]; codes [NotBlank.taskDTO.description,NotBlank.description,NotBlank.java.lang.String,NotBlank]; arguments [org.springframework.context.support.DefaultMessageSourceResolvable: codes [taskDTO.description,description]; arguments []; default message [description]]; default message [must not be blank]] ]
?[0;34m
?[0m?[0;34mRequest: POST http://localhost:8080/api/tasks
?[0m?[0;34mRequest body: {"id":"1","title":"title 1","description":" ","status":"CREATED","author":"alice@email.com"}
?[0m?[0;34m
?[0m?[1;31m
Start test 22?[0m
?[0;34m
?[0m?[0;34mRequest: POST http://localhost:8080/api/tasks
?[0m?[0;34mRequest body: {"id":"1","title":"title 1","description":"description 1","status":"CREATED","author":"alice@email.com"}
?[0m?[0;34m
?[0m?[1;31m
Start test 23?[0m
?[0;34mUsername: alice@email.com
?[0m?[0;34mUser has authorities/roles: [SCOPE_ROLE_USER]
?[0m?[0;34massigneeDto = AssigneeDTO[assignee=bob@example.com]
?[0m?[0;34moptionalTaskEntity = Optional[taskmanagement.tasks.TaskEntity@1f3a807a]
?[0m?[0;34mtaskEntity = taskmanagement.tasks.TaskEntity@1f3a807a
?[0m?[0;34mauthor = alice@email.com, authUsername = alice@email.com
?[0m?[0;34moptionalAppUser = Optional[taskmanagement.accounts.AppUser@559d4ec1]
?[0m?[0;34massigneeAppUser = taskmanagement.accounts.AppUser@559d4ec1
?[0m?[0;34mupdatedTaskEntity = taskmanagement.tasks.TaskEntity@1f3a807a
?[0m?[0;34mtaskResponseDTO = TaskResponseDTO[id=1, title=title 1, description=description 1, status=CREATED, author=alice@email.com, assignee=bob@example.com]
?[0;34m
?[0m?[0;34mRequest: PUT http://localhost:8080/api/tasks/1/assign
?[0m?[0;34mRequest body: {"assignee":"bob@example.com"}
?[0m?[0;34m
?[0m?[1;31m
Start test 24?[0m
?[0;34mUsername: alice@email.com
?[0m?[0;34mUser has authorities/roles: [SCOPE_ROLE_USER]
?[0m?[0;34massigneeDto = AssigneeDTO[assignee=bob@example.com]
?[0m?[0;34moptionalTaskEntity = Optional[taskmanagement.tasks.TaskEntity@6f1ee595]
?[0m?[0;34mtaskEntity = taskmanagement.tasks.TaskEntity@6f1ee595
?[0m?[0;34mauthor = alice@email.com, authUsername = alice@email.com
?[0m?[0;34moptionalAppUser = Optional[taskmanagement.accounts.AppUser@134018af]
?[0m?[0;34massigneeAppUser = taskmanagement.accounts.AppUser@134018af
?[0m?[0;34mupdatedTaskEntity = taskmanagement.tasks.TaskEntity@6f1ee595
?[0m?[0;34mtaskResponseDTO = TaskResponseDTO[id=2, title=title 2, description=description 2, status=CREATED, author=alice@email.com, assignee=bob@example.com]
?[0;34m
?[0m?[0;34mRequest: PUT http://localhost:8080/api/tasks/2/assign
?[0m?[0;34mRequest body: {"assignee":"bob@example.com"}
?[0m?[0;34m
?[0m?[1;31m
Start test 25?[0m
?[0;34mUsername: alice@email.com
?[0m?[0;34mUser has authorities/roles: [SCOPE_ROLE_USER]
?[0m?[0;34massigneeDto = AssigneeDTO[assignee=none]
?[0m?[0;34moptionalTaskEntity = Optional[taskmanagement.tasks.TaskEntity@273b6d93]
?[0m?[0;34mtaskEntity = taskmanagement.tasks.TaskEntity@273b6d93
?[0m?[0;34mauthor = alice@email.com, authUsername = alice@email.com
?[0m?[0;34mupdatedTaskEntity = taskmanagement.tasks.TaskEntity@273b6d93
?[0m?[0;34mnone case - taskResponseDTO = TaskResponseDTO[id=1, title=title 1, description=description 1, status=CREATED, author=alice@email.com, assignee=none]
?[0;34m
?[0m?[0;34mRequest: PUT http://localhost:8080/api/tasks/1/assign
?[0m?[0;34mRequest body: {"assignee":"none"}
?[0m?[0;34m
?[0m?[1;31m
Start test 26?[0m
?[0m?[0;34mUsername: bob@example.com
?[0m?[0;34mUser has authorities/roles: [SCOPE_ROLE_USER]
?[0m?[0;34massigneeDto = AssigneeDTO[assignee=alice@email.com]
?[0m?[0;34moptionalTaskEntity = Optional[taskmanagement.tasks.TaskEntity@10fc731]
?[0m?[0;34mtaskEntity = taskmanagement.tasks.TaskEntity@10fc731
?[0m?[0;34mauthor = bob@example.com, authUsername = bob@example.com
?[0m?[0;34moptionalAppUser = Optional[taskmanagement.accounts.AppUser@5e6beaa2]
?[0m?[0;34massigneeAppUser = taskmanagement.accounts.AppUser@5e6beaa2
?[0m?[0;34mupdatedTaskEntity = taskmanagement.tasks.TaskEntity@10fc731
?[0m?[0;34mtaskResponseDTO = TaskResponseDTO[id=3, title=title 3, description=description 3, status=CREATED, author=bob@example.com, assignee=alice@email.com]
?[0;34m
?[0m?[0;34mRequest: PUT http://localhost:8080/api/tasks/3/assign
?[0m?[0;34mRequest body: {"assignee":"alice@email.com"}
?[0m?[0;34m
?[0m?[1;31m
Start test 27?[0m
?[0m?[0;34mUsername: bob@example.com
?[0m?[0;34mUser has authorities/roles: [SCOPE_ROLE_USER]
?[0m?[0;34massigneeDto = AssigneeDTO[assignee=bob@example.com]
?[0m?[0;34moptionalTaskEntity = Optional[taskmanagement.tasks.TaskEntity@7317e6a6]
?[0m?[0;34mtaskEntity = taskmanagement.tasks.TaskEntity@7317e6a6
?[0m?[0;34mauthor = alice@email.com, authUsername = bob@example.com
?[0m?[0;34mHttpStatus.BAD_REQUEST = 403 FORBIDDEN
?[0;34m
?[0m?[0;34mRequest: PUT http://localhost:8080/api/tasks/1/assign
?[0m?[0;34mRequest body: {"assignee":"bob@example.com"}
?[0m?[0;34m
?[0m?[1;31m
Start test 28?[0m
?[0m?[0;34mUsername: alice@email.com
?[0m?[0;34mUser has authorities/roles: [SCOPE_ROLE_USER]
?[0m?[0;34massigneeDto = AssigneeDTO[assignee=3197d8c7-f6ca-48cf-b913-b47615d500c0@test.com]
?[0m?[0;34moptionalTaskEntity = Optional[taskmanagement.tasks.TaskEntity@71c4535d]
?[0m?[0;34mtaskEntity = taskmanagement.tasks.TaskEntity@71c4535d
?[0m?[0;34mauthor = alice@email.com, authUsername = alice@email.com
?[0m?[0;34moptionalAppUser = Optional.empty
?[0;34m
?[0m?[0;34mRequest: PUT http://localhost:8080/api/tasks/1/assign
?[0m?[0;34mRequest body: {"assignee":"3197d8c7-f6ca-48cf-b913-b47615d500c0@test.com"}
?[0m?[0;34m
?[0m?[1;31m
Start test 29?[0m
?[0m?[0;34mUsername: alice@email.com
?[0m?[0;34mUser has authorities/roles: [SCOPE_ROLE_USER]
?[0m?[0;34massigneeDto = AssigneeDTO[assignee=bob@example.com]
?[0m?[0;34moptionalTaskEntity = Optional.empty
?[0;34m
?[0m?[0;34mRequest: PUT http://localhost:8080/api/tasks/987654321/assign
?[0m?[0;34mRequest body: {"assignee":"bob@example.com"}
?[0m?[0;34m
?[0m?[1;31m
Start test 30?[0m
?[0;34m
?[0m?[0;34mRequest: PUT http://localhost:8080/api/tasks/1/assign
?[0m?[0;34mRequest body: {"assignee":"bob@example.com"}
?[0m?[0;34m
?[0m?[1;31m
Start test 31?[0m
?[0m?[0;34mstatusDTO = StatusDTO[status=IN_PROGRESS]
?[0m?[0;34mUsername: alice@email.com
?[0m?[0;34mUser has authorities/roles: [SCOPE_ROLE_USER]
?[0m?[0;34mstatusDTO = StatusDTO[status=IN_PROGRESS]
?[0m?[0;34moptionalTaskEntity = Optional[taskmanagement.tasks.TaskEntity@17974803]
?[0m?[0;34mtaskEntity = taskmanagement.tasks.TaskEntity@17974803
?[0m?[0;34mauthor = alice@email.com, authUsername = alice@email.com
?[0m?[0;34mupdatedTaskEntity = taskmanagement.tasks.TaskEntity@17974803
?[0m?[0;34mnone case - taskResponseDTO = TaskResponseDTO[id=1, title=title 1, description=description 1, status=IN_PROGRESS, author=alice@email.com, assignee=none]
?[0;34m
?[0m?[0;34mRequest: PUT http://localhost:8080/api/tasks/1/status
?[0m?[0;34mRequest body: {"status":"IN_PROGRESS"}
?[0m?[0;34m
?[0m?[1;31m
Start test 32?[0m
?[0m?[0;34mstatusDTO = StatusDTO[status=IN_PROGRESS]
?[0m?[0;34mUsername: alice@email.com
?[0m?[0;34mUser has authorities/roles: [SCOPE_ROLE_USER]
?[0m?[0;34mstatusDTO = StatusDTO[status=IN_PROGRESS]
?[0m?[0;34moptionalTaskEntity = Optional[taskmanagement.tasks.TaskEntity@6749f884]
?[0m?[0;34mtaskEntity = taskmanagement.tasks.TaskEntity@6749f884
?[0m?[0;34mauthor = alice@email.com, authUsername = alice@email.com
?[0m?[0;34mupdatedTaskEntity = taskmanagement.tasks.TaskEntity@6749f884
?[0m?[0;34mnone case - taskResponseDTO = TaskResponseDTO[id=2, title=title 2, description=description 2, status=IN_PROGRESS, author=alice@email.com, assignee=bob@example.com]
?[0;34m
?[0m?[0;34mRequest: PUT http://localhost:8080/api/tasks/2/status
?[0m?[0;34mRequest body: {"status":"IN_PROGRESS"}
?[0m?[0;34m
?[0m?[1;31m
Start test 33?[0m
?[0m?[0;34mstatusDTO = StatusDTO[status=COMPLETED]
?[0m?[0;34mUsername: bob@example.com
?[0m?[0;34mUser has authorities/roles: [SCOPE_ROLE_USER]
?[0m?[0;34mstatusDTO = StatusDTO[status=COMPLETED]
?[0m?[0;34moptionalTaskEntity = Optional[taskmanagement.tasks.TaskEntity@3ff99f0a]
?[0m?[0;34mtaskEntity = taskmanagement.tasks.TaskEntity@3ff99f0a
?[0m?[0;34mauthor = alice@email.com, authUsername = bob@example.com
?[0m?[0;34mtaskEntity.getAssignee() = taskmanagement.accounts.AppUser@162fcd30, authUsername = bob@example.com
?[0m?[0;34mupdatedTaskEntity = taskmanagement.tasks.TaskEntity@3ff99f0a
?[0m?[0;34mnone case - taskResponseDTO = TaskResponseDTO[id=2, title=title 2, description=description 2, status=COMPLETED, author=alice@email.com, assignee=bob@example.com]
?[0;34m
?[0m?[0;34mRequest: PUT http://localhost:8080/api/tasks/2/status
?[0m?[0;34mRequest body: {"status":"COMPLETED"}
?[0m?[0;34m
?[0m?[1;31m
Start test 34?[0m
?[0m?[0;34mstatusDTO = StatusDTO[status=COMPLETED]
?[0m?[0;34mUsername: bob@example.com
?[0m?[0;34mUser has authorities/roles: [SCOPE_ROLE_USER]
?[0m?[0;34mstatusDTO = StatusDTO[status=COMPLETED]
?[0m?[0;34moptionalTaskEntity = Optional[taskmanagement.tasks.TaskEntity@2d9e721]
?[0m?[0;34mtaskEntity = taskmanagement.tasks.TaskEntity@2d9e721
?[0m?[0;34mauthor = alice@email.com, authUsername = bob@example.com
?[0m?[0;34mHttpStatus.BAD_REQUEST = 403 FORBIDDEN
?[0;34m
?[0m?[0;34mRequest: PUT http://localhost:8080/api/tasks/1/status
?[0m?[0;34mRequest body: {"status":"COMPLETED"}
?[0m?[0;34m
?[0m?[1;31m
Start test 35?[0m
?[0m?[0;34mstatusDTO = StatusDTO[status=COMPLETED]
?[0m?[0;34mUsername: alice@email.com
?[0m?[0;34mUser has authorities/roles: [SCOPE_ROLE_USER]
?[0m?[0;34mstatusDTO = StatusDTO[status=COMPLETED]
?[0m?[0;34moptionalTaskEntity = Optional.empty
?[0;34m
?[0m?[0;34mRequest: PUT http://localhost:8080/api/tasks/98765432/status
?[0m?[0;34mRequest body: {"status":"COMPLETED"}
?[0m?[0;34m
?[0m?[1;31m
Start test 36?[0m
?[0;34m
?[0m?[0;34mRequest: PUT http://localhost:8080/api/tasks/1/status
?[0m?[0;34mRequest body: {"status":"COMPLETED"}
?[0m?[0;34m
?[0m?[1;31m
Start test 37?[0m
?[0;34m
?[0m?[0;34mRequest: POST http://localhost:8080/api/tasks/1/comments
?[0m?[0;34mRequest body: {"text":"comment 1"}
?[0m?[0;34m
?[0m]]></system-out>
  <system-err><![CDATA[]]></system-err>
</testsuite>
